<?xml version="1.0" encoding="UTF-8"?>
<testsuite xmlns:xsi="http://www.w3.org/2001/XMLSchema-instance" xsi:noNamespaceSchemaLocation="https://maven.apache.org/surefire/maven-surefire-plugin/xsd/surefire-test-report.xsd" name="Runner.testRunner" time="216.427" tests="12" errors="0" skipped="0" failures="0">
  <properties>
[...]
</properties>
  <testcase name="runScenario" classname="Runner.testRunner" time="24.249"/>
  <testcase name="runScenario" classname="Runner.testRunner" time="5.099"/>
  <testcase name="runScenario" classname="Runner.testRunner" time="3.754"/>
  <testcase name="runScenario" classname="Runner.testRunner" time="5.89"/>
  <testcase name="runScenario" classname="Runner.testRunner" time="7.089"/>
  <testcase name="runScenario" classname="Runner.testRunner" time="4.506"/>
  <testcase name="runScenario" classname="Runner.testRunner" time="8.206"/>
  <testcase name="runScenario" classname="Runner.testRunner" time="6.283"/>
  <testcase name="runScenario" classname="Runner.testRunner" time="40.859"/>
  <testcase name="runScenario" classname="Runner.testRunner" time="31.008"/>
  <testcase name="runScenario" classname="Runner.testRunner" time="29.898"/>
  <testcase name="runScenario" classname="Runner.testRunner" time="11.937"/>
</testsuite>